Registration failed: When initializing mapper Mapper[User(user)], expression 'Conversation' failed to locate a name ('Conversation'). If this is a class name, consider adding this relationship() to the <class 'backend.app.entities.user.User'> class after both dependent classes have been defined.
Traceback (most recent call last):
  File "C:\HackPrince\User\.venv\Lib\site-packages\sqlalchemy\orm\clsregistry.py", line 516, in _resolve_name
    rval = d[token]
           ~^^^^^^^
  File "C:\HackPrince\User\.venv\Lib\site-packages\sqlalchemy\util\_collections.py", line 345, in __missing__
    self[key] = val = self.creator(key)
                      ^^^^^^^^^^^^^^^^^
  File "C:\HackPrince\User\.venv\Lib\site-packages\sqlalchemy\orm\clsregistry.py", line 484, in _access_cls
    return self.fallback[key]
           ~~~~~~~~~~~~~^^^^^
KeyError: 'Conversation'

The above exception was the direct cause of the following exception:

Traceback (most recent call last):
  File "c:\HackPrince\Agent\backend\login_debug.py", line 61, in debug_registration
    user = await create_user(db, user_in)
           ^^^^^^^^^^^^^^^^^^^^^^^^^^^^^^
  File "c:\HackPrince\User\backend\app\user\service.py", line 26, in create_user
    db_user = User(name=user.name, email=user.email, password=hash_password(user.password), phone=user.phone)
              ^^^^^^^^^^^^^^^^^^^^^^^^^^^^^^^^^^^^^^^^^^^^^^^^^^^^^^^^^^^^^^^^^^^^^^^^^^^^^^^^^^^^^^^^^^^^^^^
  File "<string>", line 4, in __init__
  File "C:\HackPrince\User\.venv\Lib\site-packages\sqlalchemy\orm\state.py", line 591, in _initialize_instance
    manager.dispatch.init(self, args, kwargs)
  File "C:\HackPrince\User\.venv\Lib\site-packages\sqlalchemy\event\attr.py", line 515, in __call__
    fn(*args, **kw)
  File "C:\HackPrince\User\.venv\Lib\site-packages\sqlalchemy\orm\mapper.py", line 4419, in _event_on_init
    instrumenting_mapper._check_configure()
  File "C:\HackPrince\User\.venv\Lib\site-packages\sqlalchemy\orm\mapper.py", line 2410, in _check_configure
    _configure_registries({self.registry}, cascade=True)
  File "C:\HackPrince\User\.venv\Lib\site-packages\sqlalchemy\orm\mapper.py", line 4227, in _configure_registries
    _do_configure_registries(registries, cascade)
  File "C:\HackPrince\User\.venv\Lib\site-packages\sqlalchemy\orm\mapper.py", line 4268, in _do_configure_registries
    mapper._post_configure_properties()
  File "C:\HackPrince\User\.venv\Lib\site-packages\sqlalchemy\orm\mapper.py", line 2427, in _post_configure_properties
    prop.init()
  File "C:\HackPrince\User\.venv\Lib\site-packages\sqlalchemy\orm\interfaces.py", line 595, in init
    self.do_init()
  File "C:\HackPrince\User\.venv\Lib\site-packages\sqlalchemy\orm\relationships.py", line 1655, in do_init
    self._setup_entity()
  File "C:\HackPrince\User\.venv\Lib\site-packages\sqlalchemy\orm\relationships.py", line 1865, in _setup_entity
    self._clsregistry_resolve_name(argument)(),
    ^^^^^^^^^^^^^^^^^^^^^^^^^^^^^^^^^^^^^^^^^^
  File "C:\HackPrince\User\.venv\Lib\site-packages\sqlalchemy\orm\clsregistry.py", line 520, in _resolve_name
    self._raise_for_name(name, err)
  File "C:\HackPrince\User\.venv\Lib\site-packages\sqlalchemy\orm\clsregistry.py", line 501, in _raise_for_name
    raise exc.InvalidRequestError(
sqlalchemy.exc.InvalidRequestError: When initializing mapper Mapper[User(user)], expression 'Conversation' failed to locate a name ('Conversation'). If this is a class name, consider adding this relationship() to the <class 'backend.app.entities.user.User'> class after both dependent classes have been defined.
